TN:
SF:D:/Trainings/Angular/Class 2/angular-library-mgt/src/polyfills.ts
FNF:0
FNH:0
DA:46,1
DA:73,1
LF:2
LH:2
BRF:0
BRH:0
end_of_record
TN:
SF:D:/Trainings/Angular/Class 2/angular-library-mgt/src/test.ts
FNF:0
FNH:0
DA:3,1
DA:4,1
DA:5,1
DA:13,1
DA:18,1
DA:20,1
LF:6
LH:6
BRF:0
BRH:0
end_of_record
TN:
SF:D:/Trainings/Angular/Class 2/angular-library-mgt/src/app/app.component.ts
FN:12,(anonymous_2)
FN:20,AppComponent
FN:25,(anonymous_4)
FN:28,(anonymous_5)
FN:31,(anonymous_6)
FN:36,(anonymous_7)
FN:41,(anonymous_8)
FN:45,(anonymous_9)
FNF:8
FNH:1
FNDA:1,(anonymous_2)
FNDA:0,AppComponent
FNDA:0,(anonymous_4)
FNDA:0,(anonymous_5)
FNDA:0,(anonymous_6)
FNDA:0,(anonymous_7)
FNDA:0,(anonymous_8)
FNDA:0,(anonymous_9)
DA:1,1
DA:3,1
DA:4,1
DA:12,1
DA:14,1
DA:15,0
DA:21,0
DA:22,0
DA:25,1
DA:26,0
DA:29,0
DA:30,0
DA:32,0
DA:36,1
DA:37,0
DA:38,0
DA:41,1
DA:42,0
DA:45,1
DA:46,0
DA:48,1
LF:21
LH:10
BRF:0
BRH:0
end_of_record
TN:
SF:D:/Trainings/Angular/Class 2/angular-library-mgt/src/app/book/book.component.ts
FN:9,(anonymous_2)
FN:14,BookComponent
FN:16,(anonymous_4)
FN:19,(anonymous_5)
FNF:4
FNH:1
FNDA:1,(anonymous_2)
FNDA:0,BookComponent
FNDA:0,(anonymous_4)
FNDA:0,(anonymous_5)
DA:1,1
DA:2,1
DA:9,1
DA:10,1
DA:11,1
DA:16,1
DA:19,1
DA:20,0
DA:22,1
LF:9
LH:8
BRF:0
BRH:0
end_of_record
TN:
SF:D:/Trainings/Angular/Class 2/angular-library-mgt/src/app/constants/urls.constant.ts
FNF:0
FNH:0
DA:1,1
LF:1
LH:1
BRF:0
BRH:0
end_of_record
TN:
SF:D:/Trainings/Angular/Class 2/angular-library-mgt/src/app/directives/highlighter/highlighter.directive.ts
FN:7,(anonymous_2)
FN:11,HighlighterDirective
FN:16,(anonymous_4)
FN:21,(anonymous_5)
FNF:4
FNH:1
FNDA:1,(anonymous_2)
FNDA:0,HighlighterDirective
FNDA:0,(anonymous_4)
FNDA:0,(anonymous_5)
DA:1,1
DA:2,1
DA:7,1
DA:8,1
DA:10,1
DA:12,0
DA:13,0
DA:16,1
DA:17,0
DA:21,1
DA:22,0
DA:23,0
DA:24,0
DA:26,1
LF:14
LH:8
BRDA:22,0,0,0
BRDA:22,0,1,0
BRDA:24,1,0,0
BRDA:24,1,1,0
BRF:4
BRH:0
end_of_record
TN:
SF:D:/Trainings/Angular/Class 2/angular-library-mgt/src/app/directives/hover-element/hover-element.directive.ts
FN:6,(anonymous_2)
FN:10,HoverElementDirective
FN:12,(anonymous_4)
FN:16,(anonymous_5)
FNF:4
FNH:1
FNDA:1,(anonymous_2)
FNDA:0,HoverElementDirective
FNDA:0,(anonymous_4)
FNDA:0,(anonymous_5)
DA:1,1
DA:6,1
DA:8,1
DA:10,0
DA:12,2
DA:13,0
DA:16,2
DA:17,0
DA:19,1
LF:9
LH:6
BRF:0
BRH:0
end_of_record
TN:
SF:D:/Trainings/Angular/Class 2/angular-library-mgt/src/app/models/book.model.ts
FN:1,(anonymous_0)
FNF:1
FNH:1
FNDA:1,(anonymous_0)
DA:1,1
DA:6,1
LF:2
LH:2
BRF:0
BRH:0
end_of_record
TN:
SF:D:/Trainings/Angular/Class 2/angular-library-mgt/src/app/pipes/filter/filter.pipe.ts
FN:7,(anonymous_1)
FN:9,(anonymous_3)
FN:11,(anonymous_4)
FNF:3
FNH:1
FNDA:1,(anonymous_1)
FNDA:0,(anonymous_3)
FNDA:0,(anonymous_4)
DA:1,1
DA:7,1
DA:9,1
DA:10,0
DA:11,0
DA:13,0
DA:15,1
LF:7
LH:4
BRDA:10,0,0,0
BRDA:10,0,1,0
BRF:2
BRH:0
end_of_record
TN:
SF:D:/Trainings/Angular/Class 2/angular-library-mgt/src/app/pipes/shorten/shorten.pipe.ts
FN:6,(anonymous_1)
FN:8,(anonymous_3)
FNF:2
FNH:1
FNDA:1,(anonymous_1)
FNDA:0,(anonymous_3)
DA:1,1
DA:6,1
DA:8,1
DA:9,0
DA:12,1
LF:5
LH:4
BRF:0
BRH:0
end_of_record
TN:
SF:D:/Trainings/Angular/Class 2/angular-library-mgt/src/app/selected-book/selected-book.component.ts
FN:9,(anonymous_2)
FN:13,SelectedBookComponent
FN:15,(anonymous_4)
FN:19,(anonymous_5)
FNF:4
FNH:1
FNDA:1,(anonymous_2)
FNDA:0,SelectedBookComponent
FNDA:0,(anonymous_4)
FNDA:0,(anonymous_5)
DA:1,1
DA:2,1
DA:9,1
DA:10,1
DA:15,1
DA:19,1
DA:20,0
DA:21,0
DA:23,1
LF:9
LH:7
BRF:0
BRH:0
end_of_record
TN:
SF:D:/Trainings/Angular/Class 2/angular-library-mgt/src/app/services/books.service.ts
FN:14,(anonymous_2)
FN:16,BooksService
FN:52,(anonymous_4)
FN:54,(anonymous_5)
FN:56,(anonymous_6)
FNF:5
FNH:3
FNDA:1,(anonymous_2)
FNDA:1,BooksService
FNDA:1,(anonymous_4)
FNDA:0,(anonymous_5)
FNDA:0,(anonymous_6)
DA:1,1
DA:4,1
DA:6,1
DA:7,1
DA:8,1
DA:9,1
DA:14,1
DA:17,1
DA:20,1
DA:52,1
DA:53,1
DA:55,0
DA:56,0
DA:57,0
DA:60,1
LF:15
LH:12
BRDA:56,0,0,0
BRDA:56,0,1,0
BRF:2
BRH:0
end_of_record
TN:
SF:D:/Trainings/Angular/Class 2/angular-library-mgt/src/environments/environment.ts
FNF:0
FNH:0
DA:6,1
DA:7,1
LF:2
LH:2
BRF:0
BRH:0
end_of_record
